Arguments: 
  /usr/local/Cellar/node/9.11.1/bin/node /usr/local/Cellar/yarn/1.6.0/libexec/bin/yarn.js install

PATH: 
  /Users/jd/.rbenv/bin:/Users/jd/.rbenv/shims:/Users/jd/.rbenv/bin:/Users/jd/.rbenv/bin:/Users/jd/.cargo/bin:/usr/local/bin:/usr/bin:/bin:/usr/sbin:/sbin:/Users/jd/.rbenv/bin:/Applications/kitty.app/Contents/MacOS:/Users/jd/.fzf/bin

Yarn version: 
  1.6.0

Node version: 
  9.11.1

Platform: 
  darwin x64

Trace: 
  SyntaxError: /Users/jd/code/wedding-site/backend/package.json: Unexpected token } in JSON at position 699
      at JSON.parse (<anonymous>)
      at /usr/local/Cellar/yarn/1.6.0/libexec/lib/cli.js:1130:59
      at Generator.next (<anonymous>)
      at step (/usr/local/Cellar/yarn/1.6.0/libexec/lib/cli.js:98:30)
      at /usr/local/Cellar/yarn/1.6.0/libexec/lib/cli.js:109:13
      at <anonymous>

npm manifest: 
  {
    "name": "wedding-site-backend",
    "version": "1.0.0",
    "description": "Wedding Site",
    "scripts": {
      "start": "nodemon -e js,graphql -x node src/index.js",
      "dev": "nodemon -e js,graphql -x node --inspect src/index.js",
      "test": "jest",
      "deploy": "prisma deploy --env-file variables.env"
    },
    "dependencies": {
      "babel-preset-env": "^1.7.0",
      "bcryptjs": "2.4.3",
      "cookie-parser": "^1.4.3",
      "dotenv": "6.0.0",
      "graphql": "^0.13.2",
      "graphql-cli": "^2.16.7",
      "graphql-yoga": "1.16.2",
      "jsonwebtoken": "8.3.0",
      "nodemailer": "^4.6.8",
      "nodemon": "1.18.4",
      "npm-run-all": "^4.1.3",
      "prisma": "1.17.1",
      "prisma-binding": "2.1.6",
    },
    "license": "",
    "babel": {
      "presets": [
        "env"
      ]
    }
  }

yarn manifest: 
  No manifest

Lockfile: 
  No lockfile
